#
# There is insufficient memory for the Java Runtime Environment to continue.
# Native memory allocation (malloc) failed to allocate 1962096 bytes for Chunk::new
# Possible reasons:
#   The system is out of physical RAM or swap space
#   The process is running with CompressedOops enabled, and the Java Heap may be blocking the growth of the native heap
# Possible solutions:
#   Reduce memory load on the system
#   Increase physical memory or swap space
#   Check if swap backing store is full
#   Decrease Java heap size (-Xmx/-Xms)
#   Decrease number of Java threads
#   Decrease Java thread stack sizes (-Xss)
#   Set larger code cache with -XX:ReservedCodeCacheSize=
#   JVM is running with Unscaled Compressed Oops mode in which the Java heap is
#     placed in the first 4GB address space. The Java Heap base address is the
#     maximum limit for the native heap growth. Please use -XX:HeapBaseMinAddress
#     to set the Java Heap base and to place the Java Heap above 4GB virtual address.
# This output file may be truncated or incomplete.
#
#  Out of Memory Error (./src/hotspot/share/memory/arena.cpp:197), pid=2500, tid=18668
#
# JRE version: OpenJDK Runtime Environment (11.0.11+9) (build 11.0.11+9-b60-7590822)
# Java VM: OpenJDK 64-Bit Server VM (11.0.11+9-b60-7590822, mixed mode, tiered, compressed oops, g1 gc, windows-amd64)
# No core dump will be written. Minidumps are not enabled by default on client versions of Windows
#

---------------  S U M M A R Y ------------

Command Line: --add-opens=java.base/java.util=ALL-UNNAMED --add-opens=java.base/java.lang=ALL-UNNAMED --add-opens=java.base/java.lang.invoke=ALL-UNNAMED --add-opens=java.base/java.util=ALL-UNNAMED --add-opens=java.prefs/java.util.prefs=ALL-UNNAMED --add-opens=java.prefs/java.util.prefs=ALL-UNNAMED --add-opens=java.base/java.nio.charset=ALL-UNNAMED --add-opens=java.base/java.net=ALL-UNNAMED --add-opens=java.base/java.util.concurrent.atomic=ALL-UNNAMED -Xmx2048m -Dfile.encoding=UTF-8 -Duser.country=US -Duser.language=en -Duser.variant org.gradle.launcher.daemon.bootstrap.GradleDaemon 7.2

Host: Intel(R) Core(TM) i7-10510U CPU @ 1.80GHz, 8 cores, 7G,  Windows 10 , 64 bit Build 22000 (10.0.22000.434)
Time: Sun Mar 27 21:08:13 2022 SE Asia Standard Time elapsed time: 9.650431 seconds (0d 0h 0m 9s)

---------------  T H R E A D  ---------------

Current thread (0x000001b893ea6000):  JavaThread "C2 CompilerThread0" daemon [_thread_in_native, id=18668, stack(0x0000003844400000,0x0000003844500000)]


Current CompileTask:
C2:   9650 6336       4       sun.reflect.generics.parser.SignatureParser::parsePackageNameAndSimpleClassTypeSignature (119 bytes)

Stack: [0x0000003844400000,0x0000003844500000]
Native frames: (J=compiled Java code, j=interpreted, Vv=VM code, C=native code)
V  [jvm.dll+0x5f214a]
V  [jvm.dll+0x726fb5]
V  [jvm.dll+0x7285cd]
V  [jvm.dll+0x728c83]
V  [jvm.dll+0x243278]
V  [jvm.dll+0xbc53c]
V  [jvm.dll+0xbca3c]
V  [jvm.dll+0x353e3b]
V  [jvm.dll+0x321893]
V  [jvm.dll+0x320d8a]
V  [jvm.dll+0x1fc1e2]
V  [jvm.dll+0x1fb3d4]
V  [jvm.dll+0x183d6c]
V  [jvm.dll+0x209a57]
V  [jvm.dll+0x2082a1]
V  [jvm.dll+0x6ef58f]
V  [jvm.dll+0x6e80b5]
V  [jvm.dll+0x5f1036]
C  [ucrtbase.dll+0x26c0c]
C  [KERNEL32.DLL+0x154e0]
C  [ntdll.dll+0x485b]


---------------  P R O C E S S  ---------------

Threads class SMR info:
_java_thread_list=0x000001b8983f9db0, length=123, elements={
0x000001b8f70bd800, 0x000001b893e43800, 0x000001b893e44000, 0x000001b893e9e800,
0x000001b893ea0000, 0x000001b893ea1000, 0x000001b893ea6000, 0x000001b893eaa800,
0x000001b893eac000, 0x000001b894017000, 0x000001b8956af800, 0x000001b895c54800,
0x000001b896b57000, 0x000001b89632b800, 0x000001b89608c800, 0x000001b8959cf800,
0x000001b896ab3800, 0x000001b8959d0000, 0x000001b896347000, 0x000001b89633e800,
0x000001b89633d000, 0x000001b896341000, 0x000001b89633c800, 0x000001b89633e000,
0x000001b896342000, 0x000001b89633f800, 0x000001b896343000, 0x000001b896340800,
0x000001b898ee0800, 0x000001b898ee3000, 0x000001b898edd800, 0x000001b898ee2000,
0x000001b898ede000, 0x000001b898edf000, 0x000001b898eea800, 0x000001b898ee4800,
0x000001b898ee7000, 0x000001b898ee5800, 0x000001b898eec000, 0x000001b898ee8000,
0x000001b898ee6800, 0x000001b898ee9000, 0x000001b898eeb000, 0x000001b898ee9800,
0x000001b897210800, 0x000001b89720d000, 0x000001b897211000, 0x000001b89720e000,
0x000001b89720f800, 0x000001b897212000, 0x000001b89720c800, 0x000001b897213000,
0x000001b897214800, 0x000001b897213800, 0x000001b89720f000, 0x000001b897217000,
0x000001b897218000, 0x000001b89721b000, 0x000001b897219800, 0x000001b89721a000,
0x000001b897218800, 0x000001b897216000, 0x000001b897215800, 0x000001b894182000,
0x000001b894181000, 0x000001b894183000, 0x000001b89417d000, 0x000001b89417e800,
0x000001b89417f800, 0x000001b894180800, 0x000001b894183800, 0x000001b89417e000,
0x000001b894188800, 0x000001b89418a000, 0x000001b894187000, 0x000001b894187800,
0x000001b894184800, 0x000001b894189800, 0x000001b894186000, 0x000001b89418b000,
0x000001b894185800, 0x000001b89418c000, 0x000001b896fb1000, 0x000001b896fad800,
0x000001b896fb0000, 0x000001b896fb2000, 0x000001b896fb2800, 0x000001b896fad000,
0x000001b896fb3800, 0x000001b896fb4000, 0x000001b896fae800, 0x000001b896fb5000,
0x000001b896faf800, 0x000001b896fb6000, 0x000001b896fb8800, 0x000001b896fba000,
0x000001b896fb6800, 0x000001b896fb9000, 0x000001b896fb7800, 0x000001b896fbb000,
0x000001b896fbb800, 0x000001b8975de000, 0x000001b8975dd800, 0x000001b8975df000,
0x000001b8975e0000, 0x000001b8975dc800, 0x000001b8975da000, 0x000001b8975e0800,
0x000001b8975db000, 0x000001b8975e1800, 0x000001b8975db800, 0x000001b8975e4800,
0x000001b8975e4000, 0x000001b8975e5800, 0x000001b8975e6800, 0x000001b8975e7000,
0x000001b8975e8000, 0x000001b8975e2000, 0x000001b8975e3000, 0x000001b8975e9000,
0x000001b8961d5000, 0x000001b894326000, 0x000001b8961d1800
}

Java Threads: ( => current thread )
  0x000001b8f70bd800 JavaThread "main" [_thread_blocked, id=12000, stack(0x0000003843800000,0x0000003843900000)]
  0x000001b893e43800 JavaThread "Reference Handler" daemon [_thread_blocked, id=5280, stack(0x0000003843f00000,0x0000003844000000)]
  0x000001b893e44000 JavaThread "Finalizer" daemon [_thread_blocked, id=14536, stack(0x0000003844000000,0x0000003844100000)]
  0x000001b893e9e800 JavaThread "Signal Dispatcher" daemon [_thread_blocked, id=2432, stack(0x0000003844100000,0x0000003844200000)]
  0x000001b893ea0000 JavaThread "Attach Listener" daemon [_thread_blocked, id=16512, stack(0x0000003844200000,0x0000003844300000)]
  0x000001b893ea1000 JavaThread "Service Thread" daemon [_thread_blocked, id=18952, stack(0x0000003844300000,0x0000003844400000)]
=>0x000001b893ea6000 JavaThread "C2 CompilerThread0" daemon [_thread_in_native, id=18668, stack(0x0000003844400000,0x0000003844500000)]
  0x000001b893eaa800 JavaThread "C1 CompilerThread0" daemon [_thread_blocked, id=18960, stack(0x0000003844500000,0x0000003844600000)]
  0x000001b893eac000 JavaThread "Sweeper thread" daemon [_thread_blocked, id=6804, stack(0x0000003844600000,0x0000003844700000)]
  0x000001b894017000 JavaThread "Common-Cleaner" daemon [_thread_blocked, id=6104, stack(0x0000003844700000,0x0000003844800000)]
  0x000001b8956af800 JavaThread "Daemon health stats" [_thread_blocked, id=18720, stack(0x0000003844d00000,0x0000003844e00000)]
  0x000001b895c54800 JavaThread "Incoming local TCP Connector on port 57720" [_thread_in_native, id=8392, stack(0x0000003844c00000,0x0000003844d00000)]
  0x000001b896b57000 JavaThread "Daemon periodic checks" [_thread_blocked, id=5936, stack(0x0000003844e00000,0x0000003844f00000)]
  0x000001b89632b800 JavaThread "Daemon" [_thread_blocked, id=17648, stack(0x0000003844f00000,0x0000003845000000)]
  0x000001b89608c800 JavaThread "Handler for socket connection from /127.0.0.1:57720 to /127.0.0.1:57721" [_thread_in_native, id=10528, stack(0x0000003845000000,0x0000003845100000)]
  0x000001b8959cf800 JavaThread "Cancel handler" [_thread_blocked, id=3376, stack(0x0000003845100000,0x0000003845200000)]
  0x000001b896ab3800 JavaThread "Daemon worker" [_thread_in_Java, id=16140, stack(0x0000003845200000,0x0000003845300000)]
  0x000001b8959d0000 JavaThread "Asynchronous log dispatcher for DefaultDaemonConnection: socket connection from /127.0.0.1:57720 to /127.0.0.1:57721" [_thread_blocked, id=15864, stack(0x0000003845300000,0x0000003845400000)]
  0x000001b896347000 JavaThread "Stdin handler" [_thread_blocked, id=14144, stack(0x0000003845400000,0x0000003845500000)]
  0x000001b89633e800 JavaThread "Daemon client event forwarder" [_thread_blocked, id=3348, stack(0x0000003845500000,0x0000003845600000)]
  0x000001b89633d000 JavaThread "Cache worker for journal cache (C:\Users\Administrator\.gradle\caches\journal-1)" [_thread_blocked, id=10432, stack(0x0000003845b00000,0x0000003845c00000)]
  0x000001b896341000 JavaThread "File lock request listener" [_thread_in_native, id=14608, stack(0x0000003845c00000,0x0000003845d00000)]
  0x000001b89633c800 JavaThread "Cache worker for file hash cache (C:\Users\Administrator\.gradle\caches\7.2\fileHashes)" [_thread_blocked, id=9928, stack(0x0000003845d00000,0x0000003845e00000)]
  0x000001b89633e000 JavaThread "Cache worker for file hash cache (D:\Pengembangan Aplikasi Mobile\TodoApp\.gradle\7.2\fileHashes)" [_thread_blocked, id=17348, stack(0x0000003845f00000,0x0000003846000000)]
  0x000001b896342000 JavaThread "File watcher server" daemon [_thread_in_native, id=480, stack(0x0000003846000000,0x0000003846100000)]
  0x000001b89633f800 JavaThread "File watcher consumer" daemon [_thread_blocked, id=19220, stack(0x0000003846100000,0x0000003846200000)]
  0x000001b896343000 JavaThread "Cache worker for checksums cache (D:\Pengembangan Aplikasi Mobile\TodoApp\.gradle\checksums)" [_thread_blocked, id=9044, stack(0x0000003846200000,0x0000003846300000)]
  0x000001b896340800 JavaThread "Cache worker for cache directory md-supplier (C:\Users\Administrator\.gradle\caches\7.2\md-supplier)" [_thread_blocked, id=1180, stack(0x0000003846300000,0x0000003846400000)]
  0x000001b898ee0800 JavaThread "Cache worker for cache directory md-rule (C:\Users\Administrator\.gradle\caches\7.2\md-rule)" [_thread_blocked, id=19420, stack(0x0000003846500000,0x0000003846600000)]
  0x000001b898ee3000 JavaThread "Cache worker for execution history cache (C:\Users\Administrator\.gradle\caches\7.2\executionHistory)" [_thread_blocked, id=19436, stack(0x0000003846600000,0x0000003846700000)]
  0x000001b898edd800 JavaThread "jar transforms" [_thread_blocked, id=1248, stack(0x0000003846700000,0x0000003846800000)]
  0x000001b898ee2000 JavaThread "Cache worker for file content cache (C:\Users\Administrator\.gradle\caches\7.2\fileContent)" [_thread_blocked, id=19192, stack(0x0000003846800000,0x0000003846900000)]
  0x000001b898ede000 JavaThread "jar transforms Thread 2" [_thread_blocked, id=6316, stack(0x0000003846900000,0x0000003846a00000)]
  0x000001b898edf000 JavaThread "Cache worker for dependencies-accessors (D:\Pengembangan Aplikasi Mobile\TodoApp\.gradle\7.2\dependencies-accessors)" [_thread_blocked, id=4256, stack(0x0000003846a00000,0x0000003846b00000)]
  0x000001b898eea800 JavaThread "jar transforms Thread 3" [_thread_blocked, id=11044, stack(0x0000003846b00000,0x0000003846c00000)]
  0x000001b898ee4800 JavaThread "Cache worker for Build Output Cleanup Cache (D:\Pengembangan Aplikasi Mobile\TodoApp\.gradle\buildOutputCleanup)" [_thread_blocked, id=16836, stack(0x0000003846c00000,0x0000003846d00000)]
  0x000001b898ee7000 JavaThread "Unconstrained build operations" [_thread_blocked, id=15624, stack(0x0000003846d00000,0x0000003846e00000)]
  0x000001b898ee5800 JavaThread "Unconstrained build operations Thread 2" [_thread_blocked, id=2220, stack(0x0000003846e00000,0x0000003846f00000)]
  0x000001b898eec000 JavaThread "Unconstrained build operations Thread 3" [_thread_blocked, id=19388, stack(0x0000003846f00000,0x0000003847000000)]
  0x000001b898ee8000 JavaThread "Unconstrained build operations Thread 4" [_thread_blocked, id=17828, stack(0x0000003847000000,0x0000003847100000)]
  0x000001b898ee6800 JavaThread "Unconstrained build operations Thread 5" [_thread_blocked, id=8284, stack(0x0000003847100000,0x0000003847200000)]
  0x000001b898ee9000 JavaThread "Unconstrained build operations Thread 6" [_thread_blocked, id=9524, stack(0x0000003847200000,0x0000003847300000)]
  0x000001b898eeb000 JavaThread "Unconstrained build operations Thread 7" [_thread_blocked, id=9248, stack(0x0000003847300000,0x0000003847400000)]
  0x000001b898ee9800 JavaThread "Unconstrained build operations Thread 8" [_thread_blocked, id=17524, stack(0x0000003847400000,0x0000003847500000)]
  0x000001b897210800 JavaThread "Unconstrained build operations Thread 9" [_thread_blocked, id=6292, stack(0x0000003847500000,0x0000003847600000)]
  0x000001b89720d000 JavaThread "Unconstrained build operations Thread 10" [_thread_blocked, id=15508, stack(0x0000003847600000,0x0000003847700000)]
  0x000001b897211000 JavaThread "Unconstrained build operations Thread 11" [_thread_blocked, id=17852, stack(0x0000003847700000,0x0000003847800000)]
  0x000001b89720e000 JavaThread "Unconstrained build operations Thread 12" [_thread_blocked, id=15884, stack(0x0000003847800000,0x0000003847900000)]
  0x000001b89720f800 JavaThread "Unconstrained build operations Thread 13" [_thread_blocked, id=3104, stack(0x0000003847900000,0x0000003847a00000)]
  0x000001b897212000 JavaThread "Unconstrained build operations Thread 14" [_thread_blocked, id=3064, stack(0x0000003847a00000,0x0000003847b00000)]
  0x000001b89720c800 JavaThread "Unconstrained build operations Thread 15" [_thread_blocked, id=19164, stack(0x0000003847b00000,0x0000003847c00000)]
  0x000001b897213000 JavaThread "Unconstrained build operations Thread 16" [_thread_blocked, id=18768, stack(0x0000003847c00000,0x0000003847d00000)]
  0x000001b897214800 JavaThread "Unconstrained build operations Thread 17" [_thread_blocked, id=19184, stack(0x0000003847d00000,0x0000003847e00000)]
  0x000001b897213800 JavaThread "Unconstrained build operations Thread 18" [_thread_blocked, id=18576, stack(0x0000003847e00000,0x0000003847f00000)]
  0x000001b89720f000 JavaThread "Unconstrained build operations Thread 19" [_thread_blocked, id=19280, stack(0x0000003847f00000,0x0000003848000000)]
  0x000001b897217000 JavaThread "Unconstrained build operations Thread 20" [_thread_blocked, id=7784, stack(0x0000003848000000,0x0000003848100000)]
  0x000001b897218000 JavaThread "Unconstrained build operations Thread 21" [_thread_blocked, id=19276, stack(0x0000003848100000,0x0000003848200000)]
  0x000001b89721b000 JavaThread "Unconstrained build operations Thread 22" [_thread_blocked, id=2872, stack(0x0000003848200000,0x0000003848300000)]
  0x000001b897219800 JavaThread "Unconstrained build operations Thread 23" [_thread_blocked, id=18048, stack(0x0000003848300000,0x0000003848400000)]
  0x000001b89721a000 JavaThread "Unconstrained build operations Thread 24" [_thread_blocked, id=19168, stack(0x0000003848400000,0x0000003848500000)]
  0x000001b897218800 JavaThread "Unconstrained build operations Thread 25" [_thread_blocked, id=10604, stack(0x0000003848500000,0x0000003848600000)]
  0x000001b897216000 JavaThread "Unconstrained build operations Thread 26" [_thread_blocked, id=18240, stack(0x0000003848600000,0x0000003848700000)]
  0x000001b897215800 JavaThread "Unconstrained build operations Thread 27" [_thread_blocked, id=3476, stack(0x0000003848700000,0x0000003848800000)]
  0x000001b894182000 JavaThread "Unconstrained build operations Thread 28" [_thread_blocked, id=11040, stack(0x0000003848800000,0x0000003848900000)]
  0x000001b894181000 JavaThread "Unconstrained build operations Thread 29" [_thread_blocked, id=3340, stack(0x0000003848900000,0x0000003848a00000)]
  0x000001b894183000 JavaThread "Unconstrained build operations Thread 30" [_thread_blocked, id=15000, stack(0x0000003848a00000,0x0000003848b00000)]
  0x000001b89417d000 JavaThread "Unconstrained build operations Thread 31" [_thread_blocked, id=7668, stack(0x0000003848b00000,0x0000003848c00000)]
  0x000001b89417e800 JavaThread "Unconstrained build operations Thread 32" [_thread_blocked, id=6068, stack(0x0000003848c00000,0x0000003848d00000)]
  0x000001b89417f800 JavaThread "Unconstrained build operations Thread 33" [_thread_blocked, id=2900, stack(0x0000003848d00000,0x0000003848e00000)]
  0x000001b894180800 JavaThread "Unconstrained build operations Thread 34" [_thread_blocked, id=9908, stack(0x0000003848e00000,0x0000003848f00000)]
  0x000001b894183800 JavaThread "Unconstrained build operations Thread 35" [_thread_blocked, id=5596, stack(0x0000003848f00000,0x0000003849000000)]
  0x000001b89417e000 JavaThread "Unconstrained build operations Thread 36" [_thread_blocked, id=10520, stack(0x0000003849000000,0x0000003849100000)]
  0x000001b894188800 JavaThread "Unconstrained build operations Thread 37" [_thread_blocked, id=12208, stack(0x0000003849100000,0x0000003849200000)]
  0x000001b89418a000 JavaThread "Unconstrained build operations Thread 38" [_thread_blocked, id=16560, stack(0x0000003849200000,0x0000003849300000)]
  0x000001b894187000 JavaThread "Unconstrained build operations Thread 39" [_thread_blocked, id=2456, stack(0x0000003849300000,0x0000003849400000)]
  0x000001b894187800 JavaThread "Unconstrained build operations Thread 40" [_thread_blocked, id=9144, stack(0x0000003849400000,0x0000003849500000)]
  0x000001b894184800 JavaThread "Unconstrained build operations Thread 41" [_thread_blocked, id=14656, stack(0x0000003849500000,0x0000003849600000)]
  0x000001b894189800 JavaThread "Unconstrained build operations Thread 42" [_thread_blocked, id=1968, stack(0x0000003849600000,0x0000003849700000)]
  0x000001b894186000 JavaThread "Unconstrained build operations Thread 43" [_thread_blocked, id=5180, stack(0x0000003849700000,0x0000003849800000)]
  0x000001b89418b000 JavaThread "Unconstrained build operations Thread 44" [_thread_blocked, id=18700, stack(0x0000003849800000,0x0000003849900000)]
  0x000001b894185800 JavaThread "Unconstrained build operations Thread 45" [_thread_blocked, id=10696, stack(0x0000003849900000,0x0000003849a00000)]
  0x000001b89418c000 JavaThread "Unconstrained build operations Thread 46" [_thread_blocked, id=13296, stack(0x0000003849a00000,0x0000003849b00000)]
  0x000001b896fb1000 JavaThread "Unconstrained build operations Thread 47" [_thread_blocked, id=18692, stack(0x0000003849b00000,0x0000003849c00000)]
  0x000001b896fad800 JavaThread "Unconstrained build operations Thread 48" [_thread_blocked, id=18676, stack(0x0000003849c00000,0x0000003849d00000)]
  0x000001b896fb0000 JavaThread "Unconstrained build operations Thread 49" [_thread_blocked, id=18672, stack(0x0000003849d00000,0x0000003849e00000)]
  0x000001b896fb2000 JavaThread "Unconstrained build operations Thread 50" [_thread_blocked, id=18712, stack(0x0000003849e00000,0x0000003849f00000)]
  0x000001b896fb2800 JavaThread "Unconstrained build operations Thread 51" [_thread_blocked, id=17136, stack(0x0000003849f00000,0x000000384a000000)]
  0x000001b896fad000 JavaThread "Unconstrained build operations Thread 52" [_thread_blocked, id=3988, stack(0x000000384a000000,0x000000384a100000)]
  0x000001b896fb3800 JavaThread "Unconstrained build operations Thread 53" [_thread_blocked, id=13252, stack(0x000000384a100000,0x000000384a200000)]
  0x000001b896fb4000 JavaThread "Unconstrained build operations Thread 54" [_thread_blocked, id=5416, stack(0x000000384a200000,0x000000384a300000)]
  0x000001b896fae800 JavaThread "Unconstrained build operations Thread 55" [_thread_blocked, id=10372, stack(0x000000384a300000,0x000000384a400000)]
  0x000001b896fb5000 JavaThread "Unconstrained build operations Thread 56" [_thread_blocked, id=3752, stack(0x000000384a400000,0x000000384a500000)]
  0x000001b896faf800 JavaThread "Unconstrained build operations Thread 57" [_thread_blocked, id=13780, stack(0x000000384a500000,0x000000384a600000)]
  0x000001b896fb6000 JavaThread "Unconstrained build operations Thread 58" [_thread_blocked, id=5364, stack(0x000000384a600000,0x000000384a700000)]
  0x000001b896fb8800 JavaThread "Unconstrained build operations Thread 59" [_thread_blocked, id=5124, stack(0x000000384a700000,0x000000384a800000)]
  0x000001b896fba000 JavaThread "Unconstrained build operations Thread 60" [_thread_blocked, id=2652, stack(0x000000384a800000,0x000000384a900000)]
  0x000001b896fb6800 JavaThread "Unconstrained build operations Thread 61" [_thread_blocked, id=17496, stack(0x000000384a900000,0x000000384aa00000)]
  0x000001b896fb9000 JavaThread "Unconstrained build operations Thread 62" [_thread_blocked, id=5536, stack(0x000000384aa00000,0x000000384ab00000)]
  0x000001b896fb7800 JavaThread "Unconstrained build operations Thread 63" [_thread_blocked, id=7940, stack(0x000000384ab00000,0x000000384ac00000)]
  0x000001b896fbb000 JavaThread "Unconstrained build operations Thread 64" [_thread_blocked, id=19096, stack(0x000000384ac00000,0x000000384ad00000)]
  0x000001b896fbb800 JavaThread "Unconstrained build operations Thread 65" [_thread_blocked, id=1988, stack(0x000000384ad00000,0x000000384ae00000)]
  0x000001b8975de000 JavaThread "Unconstrained build operations Thread 66" [_thread_blocked, id=16332, stack(0x000000384ae00000,0x000000384af00000)]
  0x000001b8975dd800 JavaThread "Unconstrained build operations Thread 67" [_thread_blocked, id=17116, stack(0x000000384af00000,0x000000384b000000)]
  0x000001b8975df000 JavaThread "Unconstrained build operations Thread 68" [_thread_blocked, id=13704, stack(0x000000384b000000,0x000000384b100000)]
  0x000001b8975e0000 JavaThread "Unconstrained build operations Thread 69" [_thread_blocked, id=16680, stack(0x000000384b100000,0x000000384b200000)]
  0x000001b8975dc800 JavaThread "Unconstrained build operations Thread 70" [_thread_blocked, id=14936, stack(0x000000384b200000,0x000000384b300000)]
  0x000001b8975da000 JavaThread "Unconstrained build operations Thread 71" [_thread_blocked, id=18512, stack(0x000000384b300000,0x000000384b400000)]
  0x000001b8975e0800 JavaThread "Unconstrained build operations Thread 72" [_thread_blocked, id=19352, stack(0x000000384b400000,0x000000384b500000)]
  0x000001b8975db000 JavaThread "Unconstrained build operations Thread 73" [_thread_blocked, id=7164, stack(0x000000384b500000,0x000000384b600000)]
  0x000001b8975e1800 JavaThread "Unconstrained build operations Thread 74" [_thread_blocked, id=19236, stack(0x000000384b600000,0x000000384b700000)]
  0x000001b8975db800 JavaThread "Unconstrained build operations Thread 75" [_thread_blocked, id=19232, stack(0x000000384b700000,0x000000384b800000)]
  0x000001b8975e4800 JavaThread "Unconstrained build operations Thread 76" [_thread_blocked, id=19228, stack(0x000000384b800000,0x000000384b900000)]
  0x000001b8975e4000 JavaThread "Unconstrained build operations Thread 77" [_thread_blocked, id=14544, stack(0x000000384b900000,0x000000384ba00000)]
  0x000001b8975e5800 JavaThread "Unconstrained build operations Thread 78" [_thread_blocked, id=10480, stack(0x000000384ba00000,0x000000384bb00000)]
  0x000001b8975e6800 JavaThread "Unconstrained build operations Thread 79" [_thread_blocked, id=17836, stack(0x000000384bb00000,0x000000384bc00000)]
  0x000001b8975e7000 JavaThread "Unconstrained build operations Thread 80" [_thread_blocked, id=6904, stack(0x000000384bc00000,0x000000384bd00000)]
  0x000001b8975e8000 JavaThread "jar transforms Thread 4" [_thread_blocked, id=11248, stack(0x000000384bd00000,0x000000384be00000)]
  0x000001b8975e2000 JavaThread "jar transforms Thread 5" [_thread_blocked, id=18188, stack(0x000000384be00000,0x000000384bf00000)]
  0x000001b8975e3000 JavaThread "jar transforms Thread 6" [_thread_blocked, id=18400, stack(0x000000384bf00000,0x000000384c000000)]
  0x000001b8975e9000 JavaThread "jar transforms Thread 7" [_thread_blocked, id=13872, stack(0x000000384c000000,0x000000384c100000)]
  0x000001b8961d5000 JavaThread "jar transforms Thread 8" [_thread_blocked, id=1676, stack(0x000000384c100000,0x000000384c200000)]
  0x000001b894326000 JavaThread "C2 CompilerThread1" daemon [_thread_in_native, id=8700, stack(0x0000003844900000,0x0000003844a00000)]
  0x000001b8961d1800 JavaThread "Memory manager" [_thread_blocked, id=17596, stack(0x0000003846400000,0x0000003846500000)]

Other Threads:
  0x000001b893636800 VMThread "VM Thread" [stack: 0x0000003843e00000,0x0000003843f00000] [id=13420]
  0x000001b894028000 WatcherThread [stack: 0x0000003844800000,0x0000003844900000] [id=18660]
  0x000001b8f70d6000 GCTaskThread "GC Thread#0" [stack: 0x0000003843900000,0x0000003843a00000] [id=13776]
  0x000001b8947ec800 GCTaskThread "GC Thread#1" [stack: 0x0000003844a00000,0x0000003844b00000] [id=14804]
  0x000001b894a5d800 GCTaskThread "GC Thread#2" [stack: 0x0000003844b00000,0x0000003844c00000] [id=17428]
  0x000001b896201800 GCTaskThread "GC Thread#3" [stack: 0x0000003845600000,0x0000003845700000] [id=5328]
  0x000001b89613a000 GCTaskThread "GC Thread#4" [stack: 0x0000003845700000,0x0000003845800000] [id=1892]
  0x000001b897036800 GCTaskThread "GC Thread#5" [stack: 0x0000003845800000,0x0000003845900000] [id=14492]
  0x000001b897037800 GCTaskThread "GC Thread#6" [stack: 0x0000003845900000,0x0000003845a00000] [id=6820]
  0x000001b897021000 GCTaskThread "GC Thread#7" [stack: 0x0000003845a00000,0x0000003845b00000] [id=3336]
  0x000001b8f710a000 ConcurrentGCThread "G1 Main Marker" [stack: 0x0000003843a00000,0x0000003843b00000] [id=1536]
  0x000001b8f710b800 ConcurrentGCThread "G1 Conc#0" [stack: 0x0000003843b00000,0x0000003843c00000] [id=18644]
  0x000001b896aa5800 ConcurrentGCThread "G1 Conc#1" [stack: 0x0000003845e00000,0x0000003845f00000] [id=17512]
  0x000001b8f719d800 ConcurrentGCThread "G1 Refine#0" [stack: 0x0000003843c00000,0x0000003843d00000] [id=18944]
  0x000001b89347e800 ConcurrentGCThread "G1 Young RemSet Sampling" [stack: 0x0000003843d00000,0x0000003843e00000] [id=18664]

Threads with active compile tasks:
C2 CompilerThread0   9703 6336       4       sun.reflect.generics.parser.SignatureParser::parsePackageNameAndSimpleClassTypeSignature (119 bytes)

VM state:not at safepoint (normal execution)

VM Mutex/Monitor currently owned by a thread: None

Heap address: 0x0000000080000000, size: 2048 MB, Compressed Oops mode: 32-bit
Narrow klass base: 0x0000000000000000, Narrow klass shift: 3
Compressed class space size: 1073741824 Address: 0x0000000100000000

Heap:
 garbage-first heap   total 155648K, used 108714K [0x0000000080000000, 0x0000000100000000)
  region size 1024K, 64 young (65536K), 3 survivors (3072K)
 Metaspace       used 65158K, capacity 66754K, committed 66944K, reserved 1107968K
  class space    used 8229K, capacity 8808K, committed 8908K, reserved 1048576K
Heap Regions: E=young(eden), S=young(survivor), O=old, HS=humongous(starts), HC=humongous(continues), CS=collection set, F=free, A=archive, TAMS=top-at-mark-start (previous, next)
|   0|0x0000000080000000, 0x0000000080100000, 0x0000000080100000|100%| O|  |TAMS 0x0000000080100000, 0x0000000080000000| Untracked 
|   1|0x0000000080100000, 0x0000000080200000, 0x0000000080200000|100%| O|  |TAMS 0x0000000080200000, 0x0000000080100000| Untracked 
|   2|0x0000000080200000, 0x0000000080300000, 0x0000000080300000|100%| O|  |TAMS 0x0000000080300000, 0x0000000080200000| Untracked 
|   3|0x0000000080300000, 0x0000000080400000, 0x0000000080400000|100%|HS|  |TAMS 0x0000000080400000, 0x0000000080300000| Complete 
|   4|0x0000000080400000, 0x0000000080500000, 0x0000000080500000|100%|HC|  |TAMS 0x0000000080500000, 0x0000000080400000| Complete 
|   5|0x0000000080500000, 0x0000000080600000, 0x0000000080600000|100%|HC|  |TAMS 0x0000000080600000, 0x0000000080500000| Complete 
|   6|0x0000000080600000, 0x0000000080700000, 0x0000000080700000|100%| O|  |TAMS 0x0000000080700000, 0x0000000080600000| Untracked 
|   7|0x0000000080700000, 0x0000000080800000, 0x0000000080800000|100%| O|  |TAMS 0x0000000080800000, 0x0000000080700000| Untracked 
|   8|0x0000000080800000, 0x0000000080900000, 0x0000000080900000|100%| O|  |TAMS 0x0000000080900000, 0x0000000080800000| Untracked 
|   9|0x0000000080900000, 0x0000000080a00000, 0x0000000080a00000|100%| O|  |TAMS 0x0000000080a00000, 0x0000000080900000| Untracked 
|  10|0x0000000080a00000, 0x0000000080b00000, 0x0000000080b00000|100%| O|  |TAMS 0x0000000080b00000, 0x0000000080a00000| Untracked 
|  11|0x0000000080b00000, 0x0000000080c00000, 0x0000000080c00000|100%| O|  |TAMS 0x0000000080c00000, 0x0000000080b00000| Untracked 
|  12|0x0000000080c00000, 0x0000000080d00000, 0x0000000080d00000|100%| O|  |TAMS 0x0000000080d00000, 0x0000000080c00000| Untracked 
|  13|0x0000000080d00000, 0x0000000080e00000, 0x0000000080e00000|100%| O|  |TAMS 0x0000000080e00000, 0x0000000080d00000| Untracked 
|  14|0x0000000080e00000, 0x0000000080f00000, 0x0000000080f00000|100%| O|  |TAMS 0x0000000080f00000, 0x0000000080e00000| Untracked 
|  15|0x0000000080f00000, 0x0000000081000000, 0x0000000081000000|100%| O|  |TAMS 0x0000000081000000, 0x0000000080f00000| Untracked 
|  16|0x0000000081000000, 0x0000000081100000, 0x0000000081100000|100%| O|  |TAMS 0x0000000081100000, 0x0000000081000000| Untracked 
|  17|0x0000000081100000, 0x0000000081200000, 0x0000000081200000|100%| O|  |TAMS 0x0000000081200000, 0x0000000081100000| Untracked 
|  18|0x0000000081200000, 0x0000000081300000, 0x0000000081300000|100%| O|  |TAMS 0x0000000081300000, 0x0000000081200000| Untracked 
|  19|0x0000000081300000, 0x0000000081400000, 0x0000000081400000|100%|HS|  |TAMS 0x0000000081400000, 0x0000000081300000| Complete 
|  20|0x0000000081400000, 0x0000000081500000, 0x0000000081500000|100%| O|  |TAMS 0x0000000081500000, 0x0000000081400000| Untracked 
|  21|0x0000000081500000, 0x0000000081600000, 0x0000000081600000|100%| O|  |TAMS 0x0000000081600000, 0x0000000081500000| Untracked 
|  22|0x0000000081600000, 0x0000000081700000, 0x0000000081700000|100%| O|  |TAMS 0x0000000081700000, 0x0000000081600000| Untracked 
|  23|0x0000000081700000, 0x0000000081800000, 0x0000000081800000|100%| O|  |TAMS 0x0000000081800000, 0x0000000081700000| Untracked 
|  24|0x0000000081800000, 0x0000000081900000, 0x0000000081900000|100%|HS|  |TAMS 0x0000000081900000, 0x0000000081800000| Complete 
|  25|0x0000000081900000, 0x0000000081a00000, 0x0000000081a00000|100%|HS|  |TAMS 0x0000000081a00000, 0x0000000081900000| Complete 
|  26|0x0000000081a00000, 0x0000000081b00000, 0x0000000081b00000|100%|HS|  |TAMS 0x0000000081b00000, 0x0000000081a00000| Complete 
|  27|0x0000000081b00000, 0x0000000081c00000, 0x0000000081c00000|100%|HC|  |TAMS 0x0000000081c00000, 0x0000000081b00000| Complete 
|  28|0x0000000081c00000, 0x0000000081d00000, 0x0000000081d00000|100%| O|  |TAMS 0x0000000081d00000, 0x0000000081c00000| Untracked 
|  29|0x0000000081d00000, 0x0000000081e00000, 0x0000000081e00000|100%| O|  |TAMS 0x0000000081e00000, 0x0000000081d00000| Untracked 
|  30|0x0000000081e00000, 0x0000000081f00000, 0x0000000081f00000|100%| O|  |TAMS 0x0000000081f00000, 0x0000000081e00000| Untracked 
|  31|0x0000000081f00000, 0x0000000082000000, 0x0000000082000000|100%| O|  |TAMS 0x0000000082000000, 0x0000000081f00000| Untracked 
|  32|0x0000000082000000, 0x0000000082100000, 0x0000000082100000|100%| O|  |TAMS 0x0000000082100000, 0x0000000082000000| Untracked 
|  33|0x0000000082100000, 0x0000000082200000, 0x0000000082200000|100%| O|  |TAMS 0x0000000082200000, 0x0000000082100000| Untracked 
|  34|0x0000000082200000, 0x0000000082300000, 0x0000000082300000|100%| O|  |TAMS 0x0000000082300000, 0x0000000082200000| Untracked 
|  35|0x0000000082300000, 0x0000000082400000, 0x0000000082400000|100%| O|  |TAMS 0x0000000082400000, 0x0000000082300000| Untracked 
|  36|0x0000000082400000, 0x0000000082500000, 0x0000000082500000|100%| O|  |TAMS 0x0000000082500000, 0x0000000082400000| Untracked 
|  37|0x0000000082500000, 0x0000000082600000, 0x0000000082600000|100%| O|  |TAMS 0x0000000082600000, 0x0000000082500000| Untracked 
|  38|0x0000000082600000, 0x0000000082700000, 0x0000000082700000|100%| O|  |TAMS 0x0000000082700000, 0x0000000082600000| Untracked 
|  39|0x0000000082700000, 0x0000000082800000, 0x0000000082800000|100%| O|  |TAMS 0x0000000082800000, 0x0000000082700000| Untracked 
|  40|0x0000000082800000, 0x0000000082900000, 0x0000000082900000|100%| O|  |TAMS 0x0000000082900000, 0x0000000082800000| Untracked 
|  41|0x0000000082900000, 0x0000000082a00000, 0x0000000082a00000|100%| O|  |TAMS 0x0000000082a00000, 0x0000000082900000| Untracked 
|  42|0x0000000082a00000, 0x0000000082b00000, 0x0000000082b00000|100%| O|  |TAMS 0x0000000082b00000, 0x0000000082a00000| Untracked 
|  43|0x0000000082b00000, 0x0000000082bbd000, 0x0000000082c00000| 73%| O|  |TAMS 0x0000000082bbd000, 0x0000000082b00000| Untracked 
|  44|0x0000000082c00000, 0x0000000082d00000, 0x0000000082d00000|100%|HS|  |TAMS 0x0000000082c00000, 0x0000000082c00000| Complete 
|  45|0x0000000082d00000, 0x0000000082d00000, 0x0000000082e00000|  0%| F|  |TAMS 0x0000000082d00000, 0x0000000082d00000| Untracked 
|  46|0x0000000082e00000, 0x0000000082e00000, 0x0000000082f00000|  0%| F|  |TAMS 0x0000000082e00000, 0x0000000082e00000| Untracked 
|  47|0x0000000082f00000, 0x0000000082f00000, 0x0000000083000000|  0%| F|  |TAMS 0x0000000082f00000, 0x0000000082f00000| Untracked 
|  48|0x0000000083000000, 0x0000000083000000, 0x0000000083100000|  0%| F|  |TAMS 0x0000000083000000, 0x0000000083000000| Untracked 
|  49|0x0000000083100000, 0x0000000083100000, 0x0000000083200000|  0%| F|  |TAMS 0x0000000083100000, 0x0000000083100000| Untracked 
|  50|0x0000000083200000, 0x0000000083200000, 0x0000000083300000|  0%| F|  |TAMS 0x0000000083200000, 0x0000000083200000| Untracked 
|  51|0x0000000083300000, 0x0000000083300000, 0x0000000083400000|  0%| F|  |TAMS 0x0000000083300000, 0x0000000083300000| Untracked 
|  52|0x0000000083400000, 0x0000000083400000, 0x0000000083500000|  0%| F|  |TAMS 0x0000000083400000, 0x0000000083400000| Untracked 
|  53|0x0000000083500000, 0x0000000083500000, 0x0000000083600000|  0%| F|  |TAMS 0x0000000083500000, 0x0000000083500000| Untracked 
|  54|0x0000000083600000, 0x0000000083600000, 0x0000000083700000|  0%| F|  |TAMS 0x0000000083600000, 0x0000000083600000| Untracked 
|  55|0x0000000083700000, 0x0000000083700000, 0x0000000083800000|  0%| F|  |TAMS 0x0000000083700000, 0x0000000083700000| Untracked 
|  56|0x0000000083800000, 0x0000000083800000, 0x0000000083900000|  0%| F|  |TAMS 0x0000000083800000, 0x0000000083800000| Untracked 
|  57|0x0000000083900000, 0x0000000083900000, 0x0000000083a00000|  0%| F|  |TAMS 0x0000000083900000, 0x0000000083900000| Untracked 
|  58|0x0000000083a00000, 0x0000000083a00000, 0x0000000083b00000|  0%| F|  |TAMS 0x0000000083a00000, 0x0000000083a00000| Untracked 
|  59|0x0000000083b00000, 0x0000000083b00000, 0x0000000083c00000|  0%| F|  |TAMS 0x0000000083b00000, 0x0000000083b00000| Untracked 
|  60|0x0000000083c00000, 0x0000000083c00000, 0x0000000083d00000|  0%| F|  |TAMS 0x0000000083c00000, 0x0000000083c00000| Untracked 
|  61|0x0000000083d00000, 0x0000000083d00000, 0x0000000083e00000|  0%| F|  |TAMS 0x0000000083d00000, 0x0000000083d00000| Untracked 
|  62|0x0000000083e00000, 0x0000000083e00000, 0x0000000083f00000|  0%| F|  |TAMS 0x0000000083e00000, 0x0000000083e00000| Untracked 
|  63|0x0000000083f00000, 0x0000000083f00000, 0x0000000084000000|  0%| F|  |TAMS 0x0000000083f00000, 0x0000000083f00000| Untracked 
|  64|0x0000000084000000, 0x0000000084000000, 0x0000000084100000|  0%| F|  |TAMS 0x0000000084000000, 0x0000000084000000| Untracked 
|  65|0x0000000084100000, 0x0000000084100000, 0x0000000084200000|  0%| F|  |TAMS 0x0000000084100000, 0x0000000084100000| Untracked 
|  66|0x0000000084200000, 0x0000000084200000, 0x0000000084300000|  0%| F|  |TAMS 0x0000000084200000, 0x0000000084200000| Untracked 
|  67|0x0000000084300000, 0x0000000084300000, 0x0000000084400000|  0%| F|  |TAMS 0x0000000084300000, 0x0000000084300000| Untracked 
|  68|0x0000000084400000, 0x0000000084400000, 0x0000000084500000|  0%| F|  |TAMS 0x0000000084400000, 0x0000000084400000| Untracked 
|  69|0x0000000084500000, 0x0000000084500000, 0x0000000084600000|  0%| F|  |TAMS 0x0000000084500000, 0x0000000084500000| Untracked 
|  70|0x0000000084600000, 0x0000000084600000, 0x0000000084700000|  0%| F|  |TAMS 0x0000000084600000, 0x0000000084600000| Untracked 
|  71|0x0000000084700000, 0x0000000084700000, 0x0000000084800000|  0%| F|  |TAMS 0x0000000084700000, 0x0000000084700000| Untracked 
|  72|0x0000000084800000, 0x0000000084800000, 0x0000000084900000|  0%| F|  |TAMS 0x0000000084800000, 0x0000000084800000| Untracked 
|  73|0x0000000084900000, 0x0000000084900000, 0x0000000084a00000|  0%| F|  |TAMS 0x0000000084900000, 0x0000000084900000| Untracked 
|  74|0x0000000084a00000, 0x0000000084a00000, 0x0000000084b00000|  0%| F|  |TAMS 0x0000000084a00000, 0x0000000084a00000| Untracked 
|  75|0x0000000084b00000, 0x0000000084b00000, 0x0000000084c00000|  0%| F|  |TAMS 0x0000000084b00000, 0x0000000084b00000| Untracked 
|  76|0x0000000084c00000, 0x0000000084c00000, 0x0000000084d00000|  0%| F|  |TAMS 0x0000000084c00000, 0x0000000084c00000| Untracked 
|  77|0x0000000084d00000, 0x0000000084d00000, 0x0000000084e00000|  0%| F|  |TAMS 0x0000000084d00000, 0x0000000084d00000| Untracked 
|  78|0x0000000084e00000, 0x0000000084e00000, 0x0000000084f00000|  0%| F|  |TAMS 0x0000000084e00000, 0x0000000084e00000| Untracked 
|  79|0x0000000084f00000, 0x0000000084f00000, 0x0000000085000000|  0%| F|  |TAMS 0x0000000084f00000, 0x0000000084f00000| Untracked 
|  80|0x0000000085000000, 0x0000000085000000, 0x0000000085100000|  0%| F|  |TAMS 0x0000000085000000, 0x0000000085000000| Untracked 
|  81|0x0000000085100000, 0x0000000085100000, 0x0000000085200000|  0%| F|  |TAMS 0x0000000085100000, 0x0000000085100000| Untracked 
|  82|0x0000000085200000, 0x0000000085200000, 0x0000000085300000|  0%| F|  |TAMS 0x0000000085200000, 0x0000000085200000| Untracked 
|  83|0x0000000085300000, 0x0000000085300000, 0x0000000085400000|  0%| F|  |TAMS 0x0000000085300000, 0x0000000085300000| Untracked 
|  84|0x0000000085400000, 0x0000000085400000, 0x0000000085500000|  0%| F|  |TAMS 0x0000000085400000, 0x0000000085400000| Untracked 
|  85|0x0000000085500000, 0x0000000085500000, 0x0000000085600000|  0%| F|  |TAMS 0x0000000085500000, 0x0000000085500000| Untracked 
|  86|0x0000000085600000, 0x0000000085600000, 0x0000000085700000|  0%| F|  |TAMS 0x0000000085600000, 0x0000000085600000| Untracked 
|  87|0x0000000085700000, 0x0000000085700000, 0x0000000085800000|  0%| F|  |TAMS 0x0000000085700000, 0x0000000085700000| Untracked 
|  88|0x0000000085800000, 0x0000000085900000, 0x0000000085900000|100%| E|  |TAMS 0x0000000085800000, 0x0000000085800000| Complete 
|  89|0x0000000085900000, 0x0000000085a00000, 0x0000000085a00000|100%| E|CS|TAMS 0x0000000085900000, 0x0000000085900000| Complete 
|  90|0x0000000085a00000, 0x0000000085b00000, 0x0000000085b00000|100%| E|CS|TAMS 0x0000000085a00000, 0x0000000085a00000| Complete 
|  91|0x0000000085b00000, 0x0000000085c00000, 0x0000000085c00000|100%| E|CS|TAMS 0x0000000085b00000, 0x0000000085b00000| Complete 
|  92|0x0000000085c00000, 0x0000000085d00000, 0x0000000085d00000|100%| E|CS|TAMS 0x0000000085c00000, 0x0000000085c00000| Complete 
|  93|0x0000000085d00000, 0x0000000085e00000, 0x0000000085e00000|100%| E|CS|TAMS 0x0000000085d00000, 0x0000000085d00000| Complete 
|  94|0x0000000085e00000, 0x0000000085f00000, 0x0000000085f00000|100%| E|CS|TAMS 0x0000000085e00000, 0x0000000085e00000| Complete 
|  95|0x0000000085f00000, 0x0000000086000000, 0x0000000086000000|100%| E|CS|TAMS 0x0000000085f00000, 0x0000000085f00000| Complete 
|  96|0x0000000086000000, 0x0000000086100000, 0x0000000086100000|100%| E|CS|TAMS 0x0000000086000000, 0x0000000086000000| Complete 
|  97|0x0000000086100000, 0x0000000086200000, 0x0000000086200000|100%| E|CS|TAMS 0x0000000086100000, 0x0000000086100000| Complete 
|  98|0x0000000086200000, 0x0000000086300000, 0x0000000086300000|100%| E|CS|TAMS 0x0000000086200000, 0x0000000086200000| Complete 
|  99|0x0000000086300000, 0x0000000086400000, 0x0000000086400000|100%| E|CS|TAMS 0x0000000086300000, 0x0000000086300000| Complete 
| 100|0x0000000086400000, 0x0000000086500000, 0x0000000086500000|100%| E|CS|TAMS 0x0000000086400000, 0x0000000086400000| Complete 
| 101|0x0000000086500000, 0x0000000086600000, 0x0000000086600000|100%| E|CS|TAMS 0x0000000086500000, 0x0000000086500000| Complete 
| 102|0x0000000086600000, 0x0000000086700000, 0x0000000086700000|100%| E|CS|TAMS 0x0000000086600000, 0x0000000086600000| Complete 
| 103|0x0000000086700000, 0x0000000086800000, 0x0000000086800000|100%| E|CS|TAMS 0x0000000086700000, 0x0000000086700000| Complete 
| 104|0x0000000086800000, 0x0000000086900000, 0x0000000086900000|100%| E|CS|TAMS 0x0000000086800000, 0x0000000086800000| Complete 
| 105|0x0000000086900000, 0x0000000086a00000, 0x0000000086a00000|100%| E|CS|TAMS 0x0000000086900000, 0x0000000086900000| Complete 
| 106|0x0000000086a00000, 0x0000000086b00000, 0x0000000086b00000|100%| E|CS|TAMS 0x0000000086a00000, 0x0000000086a00000| Complete 
| 107|0x0000000086b00000, 0x0000000086c00000, 0x0000000086c00000|100%| E|CS|TAMS 0x0000000086b00000, 0x0000000086b00000| Complete 
| 108|0x0000000086c00000, 0x0000000086c6d9a0, 0x0000000086d00000| 42%| S|CS|TAMS 0x0000000086c00000, 0x0000000086c00000| Complete 
| 109|0x0000000086d00000, 0x0000000086e00000, 0x0000000086e00000|100%| S|CS|TAMS 0x0000000086d00000, 0x0000000086d00000| Complete 
| 110|0x0000000086e00000, 0x0000000086f00000, 0x0000000086f00000|100%| S|CS|TAMS 0x0000000086e00000, 0x0000000086e00000| Complete 
| 111|0x0000000086f00000, 0x0000000087000000, 0x0000000087000000|100%| E|CS|TAMS 0x0000000086f00000, 0x0000000086f00000| Complete 
| 112|0x0000000087000000, 0x0000000087100000, 0x0000000087100000|100%| E|CS|TAMS 0x0000000087000000, 0x0000000087000000| Complete 
| 113|0x0000000087100000, 0x0000000087200000, 0x0000000087200000|100%| E|CS|TAMS 0x0000000087100000, 0x0000000087100000| Complete 
| 114|0x0000000087200000, 0x0000000087300000, 0x0000000087300000|100%| E|CS|TAMS 0x0000000087200000, 0x0000000087200000| Complete 
| 115|0x0000000087300000, 0x0000000087400000, 0x0000000087400000|100%| E|CS|TAMS 0x0000000087300000, 0x0000000087300000| Complete 
| 116|0x0000000087400000, 0x0000000087500000, 0x0000000087500000|100%| E|CS|TAMS 0x0000000087400000, 0x0000000087400000| Complete 
| 117|0x0000000087500000, 0x0000000087600000, 0x0000000087600000|100%| E|CS|TAMS 0x0000000087500000, 0x0000000087500000| Complete 
| 118|0x0000000087600000, 0x0000000087700000, 0x0000000087700000|100%| E|CS|TAMS 0x0000000087600000, 0x0000000087600000| Complete 
| 119|0x0000000087700000, 0x0000000087800000, 0x0000000087800000|100%| E|CS|TAMS 0x0000000087700000, 0x0000000087700000| Complete 
| 120|0x0000000087800000, 0x0000000087900000, 0x0000000087900000|100%| E|CS|TAMS 0x0000000087800000, 0x0000000087800000| Complete 
| 121|0x0000000087900000, 0x0000000087a00000, 0x0000000087a00000|100%| E|CS|TAMS 0x0000000087900000, 0x0000000087900000| Complete 
| 122|0x0000000087a00000, 0x0000000087b00000, 0x0000000087b00000|100%| E|CS|TAMS 0x0000000087a00000, 0x0000000087a00000| Complete 
| 123|0x0000000087b00000, 0x0000000087c00000, 0x0000000087c00000|100%| E|CS|TAMS 0x0000000087b00000, 0x0000000087b00000| Complete 
| 124|0x0000000087c00000, 0x0000000087d00000, 0x0000000087d00000|100%| E|CS|TAMS 0x0000000087c00000, 0x0000000087c00000| Complete 
| 125|0x0000000087d00000, 0x0000000087e00000, 0x0000000087e00000|100%| E|CS|TAMS 0x0000000087d00000, 0x0000000087d00000| Complete 
| 126|0x0000000087e00000, 0x0000000087f00000, 0x0000000087f00000|100%| E|CS|TAMS 0x0000000087e00000, 0x0000000087e00000| Complete 
| 127|0x0000000087f00000, 0x0000000088000000, 0x0000000088000000|100%| E|CS|TAMS 0x0000000087f00000, 0x0000000087f00000| Complete 
| 128|0x0000000088000000, 0x0000000088100000, 0x0000000088100000|100%| E|CS|TAMS 0x0000000088000000, 0x0000000088000000| Complete 
| 129|0x0000000088100000, 0x0000000088200000, 0x0000000088200000|100%| E|CS|TAMS 0x0000000088100000, 0x0000000088100000| Complete 
| 130|0x0000000088200000, 0x0000000088300000, 0x0000000088300000|100%| E|CS|TAMS 0x0000000088200000, 0x0000000088200000| Complete 
| 131|0x0000000088300000, 0x0000000088400000, 0x0000000088400000|100%| E|CS|TAMS 0x0000000088300000, 0x0000000088300000| Complete 
| 132|0x0000000088400000, 0x0000000088500000, 0x0000000088500000|100%| E|CS|TAMS 0x0000000088400000, 0x0000000088400000| Complete 
| 133|0x0000000088500000, 0x0000000088600000, 0x0000000088600000|100%| E|CS|TAMS 0x0000000088500000, 0x0000000088500000| Complete 
| 134|0x0000000088600000, 0x0000000088700000, 0x0000000088700000|100%| E|  |TAMS 0x0000000088600000, 0x0000000088600000| Complete 
| 135|0x0000000088700000, 0x0000000088800000, 0x0000000088800000|100%| E|CS|TAMS 0x0000000088700000, 0x0000000088700000| Complete 
| 136|0x0000000088800000, 0x0000000088900000, 0x0000000088900000|100%| E|CS|TAMS 0x0000000088800000, 0x0000000088800000| Complete 
| 137|0x0000000088900000, 0x0000000088a00000, 0x0000000088a00000|100%| E|CS|TAMS 0x0000000088900000, 0x0000000088900000| Complete 
| 138|0x0000000088a00000, 0x0000000088b00000, 0x0000000088b00000|100%| E|CS|TAMS 0x0000000088a00000, 0x0000000088a00000| Complete 
| 139|0x0000000088b00000, 0x0000000088c00000, 0x0000000088c00000|100%| E|CS|TAMS 0x0000000088b00000, 0x0000000088b00000| Complete 
| 140|0x0000000088c00000, 0x0000000088d00000, 0x0000000088d00000|100%| E|CS|TAMS 0x0000000088c00000, 0x0000000088c00000| Complete 
| 141|0x0000000088d00000, 0x0000000088e00000, 0x0000000088e00000|100%| E|CS|TAMS 0x0000000088d00000, 0x0000000088d00000| Complete 
| 142|0x0000000088e00000, 0x0000000088f00000, 0x0000000088f00000|100%| E|CS|TAMS 0x0000000088e00000, 0x0000000088e00000| Complete 
| 143|0x0000000088f00000, 0x0000000089000000, 0x0000000089000000|100%| E|CS|TAMS 0x0000000088f00000, 0x0000000088f00000| Complete 
| 144|0x0000000089000000, 0x0000000089100000, 0x0000000089100000|100%| E|CS|TAMS 0x0000000089000000, 0x0000000089000000| Complete 
| 145|0x0000000089100000, 0x0000000089200000, 0x0000000089200000|100%| E|CS|TAMS 0x0000000089100000, 0x0000000089100000| Complete 
| 146|0x0000000089200000, 0x0000000089300000, 0x0000000089300000|100%| E|CS|TAMS 0x0000000089200000, 0x0000000089200000| Complete 
| 147|0x0000000089300000, 0x0000000089400000, 0x0000000089400000|100%| E|CS|TAMS 0x0000000089300000, 0x0000000089300000| Complete 
| 148|0x0000000089400000, 0x0000000089500000, 0x0000000089500000|100%| E|CS|TAMS 0x0000000089400000, 0x0000000089400000| Complete 
| 149|0x0000000089500000, 0x0000000089600000, 0x0000000089600000|100%| E|CS|TAMS 0x0000000089500000, 0x0000000089500000| Complete 
| 150|0x0000000089600000, 0x0000000089700000, 0x0000000089700000|100%| E|CS|TAMS 0x0000000089600000, 0x0000000089600000| Complete 
| 151|0x0000000089700000, 0x0000000089800000, 0x0000000089800000|100%| E|CS|TAMS 0x0000000089700000, 0x0000000089700000| Complete 

Card table byte_map: [0x000001b8fd230000,0x000001b8fd630000] _byte_map_base: 0x000001b8fce30000

Marking Bits (Prev, Next): (CMBitMap*) 0x000001b8f71000b0, (CMBitMap*) 0x000001b8f7100078
 Prev Bits: [0x000001b88f000000, 0x000001b891000000)
 Next Bits: [0x000001b8fda30000, 0x000001b8ffa30000)

Polling page: 0x000001b8f71a0000

Metaspace:

Usage:
  Non-class:     56.59 MB capacity,    55.60 MB ( 98%) used,   839.98 KB (  1%) free+waste,   166.94 KB ( <1%) overhead. 
      Class:      8.60 MB capacity,     8.04 MB ( 93%) used,   496.93 KB (  6%) free+waste,    78.13 KB ( <1%) overhead. 
       Both:     65.19 MB capacity,    63.64 MB ( 98%) used,     1.31 MB (  2%) free+waste,   245.06 KB ( <1%) overhead. 

Virtual space:
  Non-class space:       58.00 MB reserved,      56.68 MB ( 98%) committed 
      Class space:        1.00 GB reserved,       8.70 MB ( <1%) committed 
             Both:        1.06 GB reserved,      65.38 MB (  6%) committed 

Chunk freelists:
   Non-Class:  26.00 KB
       Class:  24.00 KB
        Both:  50.00 KB

MaxMetaspaceSize: 17179869184.00 GB
CompressedClassSpaceSize: 1.00 GB

CodeHeap 'non-profiled nmethods': size=120000Kb used=3901Kb max_used=3901Kb free=116098Kb
 bounds [0x000001b887ad0000, 0x000001b887ea0000, 0x000001b88f000000]
CodeHeap 'profiled nmethods': size=120000Kb used=13503Kb max_used=13503Kb free=106496Kb
 bounds [0x000001b8805a0000, 0x000001b8812d0000, 0x000001b887ad0000]
CodeHeap 'non-nmethods': size=5760Kb used=2260Kb max_used=2318Kb free=3499Kb
 bounds [0x000001b880000000, 0x000001b880270000, 0x000001b8805a0000]
 total_blobs=7297 nmethods=6445 adapters=763
 compilation: disabled (not enough contiguous free space left)
              stopped_count=1, restarted_count=0
 full_count=1

Compilation events (20 events):
Event: 9.642 Thread 0x000001b893eaa800 6407       1       com.android.build.gradle.internal.api.DefaultAndroidSourceSet::getName (5 bytes)
Event: 9.642 Thread 0x000001b893eaa800 nmethod 6407 0x000001b887e9ae90 code [0x000001b887e9b040, 0x000001b887e9b0f8]
Event: 9.643 Thread 0x000001b893eaa800 6408       1       org.gradle.api.internal.DefaultCollectionCallbackActionDecorator::access$100 (5 bytes)
Event: 9.643 Thread 0x000001b893eaa800 nmethod 6408 0x000001b887e9b190 code [0x000001b887e9b340, 0x000001b887e9b3d8]
Event: 9.643 Thread 0x000001b893eaa800 6409       1       org.gradle.api.internal.DefaultCollectionCallbackActionDecorator$BuildOperationEmittingAction::access$000 (5 bytes)
Event: 9.643 Thread 0x000001b893eaa800 nmethod 6409 0x000001b887e9b490 code [0x000001b887e9b640, 0x000001b887e9b6d8]
Event: 9.644 Thread 0x000001b893eaa800 6410       3       org.gradle.api.internal.DefaultDomainObjectCollection::<init> (38 bytes)
Event: 9.644 Thread 0x000001b893eaa800 nmethod 6410 0x000001b88129df10 code [0x000001b88129e100, 0x000001b88129e668]
Event: 9.644 Thread 0x000001b893eaa800 6411       3       org.gradle.api.internal.DefaultDomainObjectCollection$1::<init> (15 bytes)
Event: 9.644 Thread 0x000001b893eaa800 nmethod 6411 0x000001b88129e810 code [0x000001b88129e9c0, 0x000001b88129ebd8]
Event: 9.644 Thread 0x000001b893eaa800 6413       3       org.gradle.api.internal.DefaultDomainObjectCollection::<init> (16 bytes)
Event: 9.644 Thread 0x000001b893eaa800 nmethod 6413 0x000001b88129ec90 code [0x000001b88129eea0, 0x000001b88129f408]
Event: 9.644 Thread 0x000001b893eaa800 6414       3       org.gradle.internal.build.event.types.DefaultBinaryPluginIdentifier::equals (41 bytes)
Event: 9.644 Thread 0x000001b893eaa800 nmethod 6414 0x000001b88129f610 code [0x000001b88129f7e0, 0x000001b88129fb28]
Event: 9.644 Thread 0x000001b893eaa800 6412       1       org.gradle.api.internal.collections.DefaultCollectionEventRegister::getDecorator (5 bytes)
Event: 9.644 Thread 0x000001b893eaa800 nmethod 6412 0x000001b887e9b790 code [0x000001b887e9b940, 0x000001b887e9b9f8]
Event: 9.644 Thread 0x000001b893eaa800 6415       1       org.gradle.api.internal.project.DefaultProjectStateRegistry$ProjectStateImpl::getProjectPath (5 bytes)
Event: 9.644 Thread 0x000001b893eaa800 nmethod 6415 0x000001b887e9ba90 code [0x000001b887e9bc40, 0x000001b887e9bcf8]
Event: 9.644 Thread 0x000001b893eaa800 6416       1       org.gradle.api.internal.project.DefaultProjectStateRegistry$ProjectStateImpl::getIdentityPath (5 bytes)
Event: 9.645 Thread 0x000001b893eaa800 nmethod 6416 0x000001b887e9bd90 code [0x000001b887e9bf40, 0x000001b887e9bff8]

GC Heap History (20 events):
Event: 0.896 GC heap before
{Heap before GC invocations=1 (full 0):
 garbage-first heap   total 129024K, used 40317K [0x0000000080000000, 0x0000000100000000)
  region size 1024K, 32 young (32768K), 3 survivors (3072K)
 Metaspace       used 10822K, capacity 11005K, committed 11264K, reserved 1058816K
  class space    used 1131K, capacity 1207K, committed 1280K, reserved 1048576K
}
Event: 0.900 GC heap after
{Heap after GC invocations=2 (full 0):
 garbage-first heap   total 129024K, used 12202K [0x0000000080000000, 0x0000000100000000)
  region size 1024K, 2 young (2048K), 2 survivors (2048K)
 Metaspace       used 10822K, capacity 11005K, committed 11264K, reserved 1058816K
  class space    used 1131K, capacity 1207K, committed 1280K, reserved 1048576K
}
Event: 2.313 GC heap before
{Heap before GC invocations=2 (full 0):
 garbage-first heap   total 129024K, used 56234K [0x0000000080000000, 0x0000000100000000)
  region size 1024K, 45 young (46080K), 2 survivors (2048K)
 Metaspace       used 17574K, capacity 17922K, committed 18176K, reserved 1064960K
  class space    used 2080K, capacity 2217K, committed 2304K, reserved 1048576K
}
Event: 2.317 GC heap after
{Heap after GC invocations=3 (full 0):
 garbage-first heap   total 129024K, used 16384K [0x0000000080000000, 0x0000000100000000)
  region size 1024K, 6 young (6144K), 6 survivors (6144K)
 Metaspace       used 17574K, capacity 17922K, committed 18176K, reserved 1064960K
  class space    used 2080K, capacity 2217K, committed 2304K, reserved 1048576K
}
Event: 2.542 GC heap before
{Heap before GC invocations=3 (full 0):
 garbage-first heap   total 129024K, used 41984K [0x0000000080000000, 0x0000000100000000)
  region size 1024K, 32 young (32768K), 6 survivors (6144K)
 Metaspace       used 20658K, capacity 21075K, committed 21248K, reserved 1067008K
  class space    used 2540K, capacity 2693K, committed 2816K, reserved 1048576K
}
Event: 2.548 GC heap after
{Heap after GC invocations=4 (full 0):
 garbage-first heap   total 129024K, used 17487K [0x0000000080000000, 0x0000000100000000)
  region size 1024K, 2 young (2048K), 2 survivors (2048K)
 Metaspace       used 20658K, capacity 21075K, committed 21248K, reserved 1067008K
  class space    used 2540K, capacity 2693K, committed 2816K, reserved 1048576K
}
Event: 2.972 GC heap before
{Heap before GC invocations=5 (full 0):
 garbage-first heap   total 129024K, used 65615K [0x0000000080000000, 0x0000000100000000)
  region size 1024K, 49 young (50176K), 2 survivors (2048K)
 Metaspace       used 25592K, capacity 26198K, committed 26368K, reserved 1073152K
  class space    used 3333K, capacity 3534K, committed 3584K, reserved 1048576K
}
Event: 2.975 GC heap after
{Heap after GC invocations=6 (full 0):
 garbage-first heap   total 129024K, used 19208K [0x0000000080000000, 0x0000000100000000)
  region size 1024K, 3 young (3072K), 3 survivors (3072K)
 Metaspace       used 25592K, capacity 26198K, committed 26368K, reserved 1073152K
  class space    used 3333K, capacity 3534K, committed 3584K, reserved 1048576K
}
Event: 3.724 GC heap before
{Heap before GC invocations=6 (full 0):
 garbage-first heap   total 129024K, used 84744K [0x0000000080000000, 0x0000000100000000)
  region size 1024K, 67 young (68608K), 3 survivors (3072K)
 Metaspace       used 34804K, capacity 35575K, committed 35584K, reserved 1079296K
  class space    used 4537K, capacity 4857K, committed 4864K, reserved 1048576K
}
Event: 3.730 GC heap after
{Heap after GC invocations=7 (full 0):
 garbage-first heap   total 129024K, used 22825K [0x0000000080000000, 0x0000000100000000)
  region size 1024K, 7 young (7168K), 7 survivors (7168K)
 Metaspace       used 34804K, capacity 35575K, committed 35584K, reserved 1079296K
  class space    used 4537K, capacity 4857K, committed 4864K, reserved 1048576K
}
Event: 3.748 GC heap before
{Heap before GC invocations=7 (full 0):
 garbage-first heap   total 129024K, used 23849K [0x0000000080000000, 0x0000000100000000)
  region size 1024K, 9 young (9216K), 7 survivors (7168K)
 Metaspace       used 35018K, capacity 35786K, committed 35840K, reserved 1081344K
  class space    used 4564K, capacity 4863K, committed 4864K, reserved 1048576K
}
Event: 3.758 GC heap after
{Heap after GC invocations=8 (full 0):
 garbage-first heap   total 155648K, used 23467K [0x0000000080000000, 0x0000000100000000)
  region size 1024K, 5 young (5120K), 5 survivors (5120K)
 Metaspace       used 35018K, capacity 35786K, committed 35840K, reserved 1081344K
  class space    used 4564K, capacity 4863K, committed 4864K, reserved 1048576K
}
Event: 4.617 GC heap before
{Heap before GC invocations=9 (full 0):
 garbage-first heap   total 155648K, used 98219K [0x0000000080000000, 0x0000000100000000)
  region size 1024K, 76 young (77824K), 5 survivors (5120K)
 Metaspace       used 40440K, capacity 41352K, committed 41420K, reserved 1085440K
  class space    used 5199K, capacity 5539K, committed 5580K, reserved 1048576K
}
Event: 4.625 GC heap after
{Heap after GC invocations=10 (full 0):
 garbage-first heap   total 155648K, used 28800K [0x0000000080000000, 0x0000000100000000)
  region size 1024K, 10 young (10240K), 10 survivors (10240K)
 Metaspace       used 40440K, capacity 41352K, committed 41420K, reserved 1085440K
  class space    used 5199K, capacity 5539K, committed 5580K, reserved 1048576K
}
Event: 5.718 GC heap before
{Heap before GC invocations=10 (full 0):
 garbage-first heap   total 155648K, used 108672K [0x0000000080000000, 0x0000000100000000)
  region size 1024K, 88 young (90112K), 10 survivors (10240K)
 Metaspace       used 47088K, capacity 48301K, committed 48588K, reserved 1091584K
  class space    used 6045K, capacity 6484K, committed 6604K, reserved 1048576K
}
Event: 5.727 GC heap after
{Heap after GC invocations=11 (full 0):
 garbage-first heap   total 155648K, used 31851K [0x0000000080000000, 0x0000000100000000)
  region size 1024K, 9 young (9216K), 9 survivors (9216K)
 Metaspace       used 47088K, capacity 48301K, committed 48588K, reserved 1091584K
  class space    used 6045K, capacity 6484K, committed 6604K, reserved 1048576K
}
Event: 7.342 GC heap before
{Heap before GC invocations=11 (full 0):
 garbage-first heap   total 155648K, used 118891K [0x0000000080000000, 0x0000000100000000)
  region size 1024K, 90 young (92160K), 9 survivors (9216K)
 Metaspace       used 52595K, capacity 53935K, committed 54220K, reserved 1095680K
  class space    used 6716K, capacity 7237K, committed 7372K, reserved 1048576K
}
Event: 7.351 GC heap after
{Heap after GC invocations=12 (full 0):
 garbage-first heap   total 155648K, used 45188K [0x0000000080000000, 0x0000000100000000)
  region size 1024K, 12 young (12288K), 12 survivors (12288K)
 Metaspace       used 52595K, capacity 53935K, committed 54220K, reserved 1095680K
  class space    used 6716K, capacity 7237K, committed 7372K, reserved 1048576K
}
Event: 8.166 GC heap before
{Heap before GC invocations=12 (full 0):
 garbage-first heap   total 155648K, used 86148K [0x0000000080000000, 0x0000000100000000)
  region size 1024K, 53 young (54272K), 12 survivors (12288K)
 Metaspace       used 58694K, capacity 60085K, committed 60288K, reserved 1101824K
  class space    used 7438K, capacity 8003K, committed 8140K, reserved 1048576K
}
Event: 8.182 GC heap after
{Heap after GC invocations=13 (full 0):
 garbage-first heap   total 155648K, used 47274K [0x0000000080000000, 0x0000000100000000)
  region size 1024K, 3 young (3072K), 3 survivors (3072K)
 Metaspace       used 58694K, capacity 60085K, committed 60288K, reserved 1101824K
  class space    used 7438K, capacity 8003K, committed 8140K, reserved 1048576K
}

Deoptimization events (20 events):
Event: 8.964 Thread 0x000001b896ab3800 DEOPT PACKING pc=0x000001b8811dcf5d sp=0x00000038452f3f00
Event: 8.964 Thread 0x000001b896ab3800 DEOPT UNPACKING pc=0x000001b880026dde sp=0x00000038452f33b8 mode 0
Event: 8.964 Thread 0x000001b896ab3800 DEOPT PACKING pc=0x000001b8811dcf5d sp=0x00000038452f3f00
Event: 8.964 Thread 0x000001b896ab3800 DEOPT UNPACKING pc=0x000001b880026dde sp=0x00000038452f33b8 mode 0
Event: 9.432 Thread 0x000001b896ab3800 Uncommon trap: trap_request=0xffffffc6 fr.pc=0x000001b887c9d208 relative=0x0000000000003ae8
Event: 9.432 Thread 0x000001b896ab3800 Uncommon trap: reason=bimorphic_or_optimized_type_check action=maybe_recompile pc=0x000001b887c9d208 method=java.util.AbstractCollection.addAll(Ljava/util/Collection;)Z @ 29 c2
Event: 9.432 Thread 0x000001b896ab3800 DEOPT PACKING pc=0x000001b887c9d208 sp=0x00000038452f5e40
Event: 9.432 Thread 0x000001b896ab3800 DEOPT UNPACKING pc=0x000001b88002662f sp=0x00000038452f5e40 mode 2
Event: 9.432 Thread 0x000001b896ab3800 Uncommon trap: trap_request=0xffffffc6 fr.pc=0x000001b887c9d208 relative=0x0000000000003ae8
Event: 9.432 Thread 0x000001b896ab3800 Uncommon trap: reason=bimorphic_or_optimized_type_check action=maybe_recompile pc=0x000001b887c9d208 method=java.util.AbstractCollection.addAll(Ljava/util/Collection;)Z @ 29 c2
Event: 9.432 Thread 0x000001b896ab3800 DEOPT PACKING pc=0x000001b887c9d208 sp=0x00000038452f5e40
Event: 9.432 Thread 0x000001b896ab3800 DEOPT UNPACKING pc=0x000001b88002662f sp=0x00000038452f5e40 mode 2
Event: 9.437 Thread 0x000001b896ab3800 Uncommon trap: trap_request=0xffffffc6 fr.pc=0x000001b887c9d208 relative=0x0000000000003ae8
Event: 9.437 Thread 0x000001b896ab3800 Uncommon trap: reason=bimorphic_or_optimized_type_check action=maybe_recompile pc=0x000001b887c9d208 method=java.util.AbstractCollection.addAll(Ljava/util/Collection;)Z @ 29 c2
Event: 9.437 Thread 0x000001b896ab3800 DEOPT PACKING pc=0x000001b887c9d208 sp=0x00000038452f6ae0
Event: 9.437 Thread 0x000001b896ab3800 DEOPT UNPACKING pc=0x000001b88002662f sp=0x00000038452f6ae0 mode 2
Event: 9.600 Thread 0x000001b896ab3800 Uncommon trap: trap_request=0xffffff4d fr.pc=0x000001b887d0d09c relative=0x000000000000033c
Event: 9.600 Thread 0x000001b896ab3800 Uncommon trap: reason=unstable_if action=reinterpret pc=0x000001b887d0d09c method=org.gradle.internal.reflect.PropertyAccessorType.of(Ljava/lang/reflect/Method;)Lorg/gradle/internal/reflect/PropertyAccessorType; @ 56 c2
Event: 9.600 Thread 0x000001b896ab3800 DEOPT PACKING pc=0x000001b887d0d09c sp=0x00000038452f7650
Event: 9.600 Thread 0x000001b896ab3800 DEOPT UNPACKING pc=0x000001b88002662f sp=0x00000038452f7610 mode 2

Classes redefined (0 events):
No events

Internal exceptions (20 events):
Event: 6.585 Thread 0x000001b89633e800 Exception <a 'java/lang/NoSuchMethodError'{0x00000000866af790}: <clinit>> (0x00000000866af790) thrown at [./src/hotspot/share/prims/jni.cpp, line 1362]
Event: 6.586 Thread 0x000001b89633e800 Exception <a 'java/lang/NoSuchMethodError'{0x00000000866b9d60}: <clinit>> (0x00000000866b9d60) thrown at [./src/hotspot/share/prims/jni.cpp, line 1362]
Event: 6.588 Thread 0x000001b89633e800 Exception <a 'java/lang/NoSuchMethodError'{0x00000000866cd920}: <clinit>> (0x00000000866cd920) thrown at [./src/hotspot/share/prims/jni.cpp, line 1362]
Event: 6.630 Thread 0x000001b896ab3800 Exception <a 'java/lang/ClassNotFoundException'{0x000000008653a190}: build_1ggwxciz5kxvy9rp5c9kaagm7BeanInfo> (0x000000008653a190) thrown at [./src/hotspot/share/classfile/systemDictionary.cpp, line 231]
Event: 6.631 Thread 0x000001b896ab3800 Exception <a 'java/lang/ClassNotFoundException'{0x0000000086545148}: build_1ggwxciz5kxvy9rp5c9kaagm7Customizer> (0x0000000086545148) thrown at [./src/hotspot/share/classfile/systemDictionary.cpp, line 231]
Event: 6.651 Thread 0x000001b896ab3800 Exception <a 'java/lang/ClassNotFoundException'{0x00000000864c8e88}: org/gradle/api/internal/plugins/DefaultObjectConfigurationActionBeanInfo> (0x00000000864c8e88) thrown at [./src/hotspot/share/classfile/systemDictionary.cpp, line 231]
Event: 6.651 Thread 0x000001b896ab3800 Exception <a 'java/lang/ClassNotFoundException'{0x00000000864fdf78}: org/gradle/api/internal/plugins/DefaultObjectConfigurationActionCustomizer> (0x00000000864fdf78) thrown at [./src/hotspot/share/classfile/systemDictionary.cpp, line 231]
Event: 6.845 Thread 0x000001b896ab3800 Exception <a 'java/lang/NoSuchMethodError'{0x000000008594b910}: 'java.lang.Object java.lang.invoke.DirectMethodHandle$Holder.invokeStatic(java.lang.Object, java.lang.Object, java.lang.Object, java.lang.Object, int)'> (0x000000008594b910) thrown at [./src/hotspot/share/interpreter/linkResolver.cpp, line 773]
Event: 6.846 Thread 0x000001b896ab3800 Exception <a 'java/lang/NoSuchMethodError'{0x0000000085950308}: 'java.lang.Object java.lang.invoke.DirectMethodHandle$Holder.invokeSpecial(java.lang.Object, java.lang.Object, java.lang.Object, java.lang.Object, java.lang.Object, int)'> (0x0000000085950308) thrown at [./src/hotspot/share/interpreter/linkResolver.cpp, line 773]
Event: 6.846 Thread 0x000001b896ab3800 Exception <a 'java/lang/NoSuchMethodError'{0x0000000085954948}: 'java.lang.Object java.lang.invoke.Invokers$Holder.linkToTargetMethod(java.lang.Object, java.lang.Object, java.lang.Object, int, java.lang.Object)'> (0x0000000085954948) thrown at [./src/hotspot/share/interpreter/linkResolver.cpp, line 773]
Event: 7.219 Thread 0x000001b896ab3800 Exception <a 'java/lang/NoSuchMethodError'{0x0000000084a2e410}: 'java.lang.Object java.lang.invoke.DirectMethodHandle$Holder.invokeSpecial(java.lang.Object, java.lang.Object, int, int, java.lang.Object, java.lang.Object, java.lang.Object)'> (0x0000000084a2e410) thrown at [./src/hotspot/share/interpreter/linkResolver.cpp, line 773]
Event: 7.219 Thread 0x000001b896ab3800 Exception <a 'java/lang/NoSuchMethodError'{0x0000000084a32990}: 'java.lang.Object java.lang.invoke.DelegatingMethodHandle$Holder.reinvoke_L(java.lang.Object, int, int, java.lang.Object, java.lang.Object, java.lang.Object)'> (0x0000000084a32990) thrown at [./src/hotspot/share/interpreter/linkResolver.cpp, line 773]
Event: 7.479 Thread 0x000001b896ab3800 Exception <a 'java/lang/NoSuchMethodError'{0x0000000088fa57e0}: 'int java.lang.invoke.DirectMethodHandle$Holder.invokeInterface(java.lang.Object, java.lang.Object, java.lang.Object, java.lang.Object)'> (0x0000000088fa57e0) thrown at [./src/hotspot/share/interpreter/linkResolver.cpp, line 773]
Event: 7.962 Thread 0x000001b896ab3800 Exception <a 'java/lang/NoSuchMethodError'{0x0000000087852eb8}: 'void java.lang.invoke.DirectMethodHandle$Holder.invokeInterface(java.lang.Object, java.lang.Object, java.lang.Object, java.lang.Object)'> (0x0000000087852eb8) thrown at [./src/hotspot/share/interpreter/linkResolver.cpp, line 773]
Event: 8.189 Thread 0x000001b896ab3800 Exception <a 'java/lang/IncompatibleClassChangeError'{0x0000000089706ec8}: Found class java.lang.Object, but interface was expected> (0x0000000089706ec8) thrown at [./src/hotspot/share/interpreter/linkResolver.cpp, line 839]
Event: 8.445 Thread 0x000001b896ab3800 Implicit null exception at 0x000001b887de1154 to 0x000001b887de1338
Event: 8.445 Thread 0x000001b896ab3800 Implicit null exception at 0x000001b887dd057b to 0x000001b887dd230c
Event: 8.594 Thread 0x000001b896ab3800 Implicit null exception at 0x000001b887cd510b to 0x000001b887cd51e4
Event: 8.790 Thread 0x000001b896ab3800 Implicit null exception at 0x000001b887c49a2c to 0x000001b887c49bda
Event: 9.038 Thread 0x000001b896ab3800 Exception <a 'sun/nio/fs/WindowsException'{0x00000000881ac320}> (0x00000000881ac320) thrown at [./src/hotspot/share/prims/jni.cpp, line 615]

Events (20 events):
Event: 9.634 loading class kotlin/_Assertions
Event: 9.634 loading class kotlin/_Assertions done
Event: 9.634 loading class com/android/build/gradle/internal/core/VariantDslInfoBuilder
Event: 9.634 loading class com/android/build/gradle/internal/core/VariantDslInfoBuilder done
Event: 9.634 loading class com/android/build/gradle/internal/core/VariantDslInfoBuilder$Companion
Event: 9.634 loading class com/android/build/gradle/internal/core/VariantDslInfoBuilder$Companion done
Event: 9.638 loading class com/android/build/gradle/internal/BuildTypeData
Event: 9.638 loading class com/android/build/gradle/internal/BuildTypeData done
Event: 9.645 loading class com/android/build/gradle/internal/plugins/BasePlugin
Event: 9.645 loading class com/android/build/gradle/internal/plugins/BasePlugin done
Event: 9.645 loading class com/android/build/gradle/internal/plugins/BasePlugin
Event: 9.645 loading class com/android/build/gradle/internal/plugins/BasePlugin done
Event: 9.645 loading class org/gradle/api/UnknownTaskException
Event: 9.645 loading class org/gradle/api/UnknownTaskException done
Event: 9.647 loading class com/android/build/gradle/internal/TaskManager$Companion
Event: 9.647 loading class com/android/build/gradle/internal/TaskManager$Companion done
Event: 9.648 loading class com/android/build/gradle/internal/dependency/AndroidXDependencySubstitution
Event: 9.648 loading class com/android/build/gradle/internal/dependency/AndroidXDependencySubstitution done
Event: 9.648 loading class com/android/tools/build/jetifier/processor/Processor
Event: 9.648 loading class com/android/tools/build/jetifier/processor/Processor done


Dynamic libraries:
0x00007ff7bdd70000 - 0x00007ff7bdd7a000 	D:\Android\Android Studio\jre\bin\java.exe
0x00007ffa95dc0000 - 0x00007ffa95fc9000 	C:\WINDOWS\SYSTEM32\ntdll.dll
0x00007ffa946d0000 - 0x00007ffa9478d000 	C:\WINDOWS\System32\KERNEL32.DLL
0x00007ffa932b0000 - 0x00007ffa93624000 	C:\WINDOWS\System32\KERNELBASE.dll
0x00007ffa93890000 - 0x00007ffa939a1000 	C:\WINDOWS\System32\ucrtbase.dll
0x00007ffa7b4e0000 - 0x00007ffa7b4f7000 	D:\Android\Android Studio\jre\bin\VCRUNTIME140.dll
0x00007ffa7c700000 - 0x00007ffa7c719000 	D:\Android\Android Studio\jre\bin\jli.dll
0x00007ffa93c60000 - 0x00007ffa93e0c000 	C:\WINDOWS\System32\USER32.dll
0x00007ffa75d70000 - 0x00007ffa76015000 	C:\WINDOWS\WinSxS\amd64_microsoft.windows.common-controls_6595b64144ccf1df_6.0.22000.120_none_9d947278b86cc467\COMCTL32.dll
0x00007ffa937c0000 - 0x00007ffa937e6000 	C:\WINDOWS\System32\win32u.dll
0x00007ffa943f0000 - 0x00007ffa94493000 	C:\WINDOWS\System32\msvcrt.dll
0x00007ffa95400000 - 0x00007ffa95429000 	C:\WINDOWS\System32\GDI32.dll
0x00007ffa936a0000 - 0x00007ffa937b2000 	C:\WINDOWS\System32\gdi32full.dll
0x00007ffa937f0000 - 0x00007ffa9388d000 	C:\WINDOWS\System32\msvcp_win.dll
0x00007ffa95be0000 - 0x00007ffa95c11000 	C:\WINDOWS\System32\IMM32.DLL
0x00007ffa4be00000 - 0x00007ffa4be9d000 	D:\Android\Android Studio\jre\bin\msvcp140.dll
0x00007ff9e2540000 - 0x00007ff9e3015000 	D:\Android\Android Studio\jre\bin\server\jvm.dll
0x00007ffa95350000 - 0x00007ffa953fe000 	C:\WINDOWS\System32\ADVAPI32.dll
0x00007ffa94350000 - 0x00007ffa943ee000 	C:\WINDOWS\System32\sechost.dll
0x00007ffa950b0000 - 0x00007ffa951d0000 	C:\WINDOWS\System32\RPCRT4.dll
0x00007ffa951f0000 - 0x00007ffa951f8000 	C:\WINDOWS\System32\PSAPI.DLL
0x00007ffa7af10000 - 0x00007ffa7af19000 	C:\WINDOWS\SYSTEM32\WSOCK32.dll
0x00007ffa8a8e0000 - 0x00007ffa8a913000 	C:\WINDOWS\SYSTEM32\WINMM.dll
0x00007ffa95d10000 - 0x00007ffa95d7f000 	C:\WINDOWS\System32\WS2_32.dll
0x00007ffa80760000 - 0x00007ffa8076a000 	C:\WINDOWS\SYSTEM32\VERSION.dll
0x00007ffa92460000 - 0x00007ffa92478000 	C:\WINDOWS\SYSTEM32\kernel.appcore.dll
0x00007ffa6a510000 - 0x00007ffa6a521000 	D:\Android\Android Studio\jre\bin\verify.dll
0x00007ffa8dd60000 - 0x00007ffa8df81000 	C:\WINDOWS\SYSTEM32\DBGHELP.DLL
0x00007ffa7dac0000 - 0x00007ffa7daf1000 	C:\WINDOWS\SYSTEM32\dbgcore.DLL
0x00007ffa93be0000 - 0x00007ffa93c5f000 	C:\WINDOWS\System32\bcryptPrimitives.dll
0x00007ffa60270000 - 0x00007ffa60299000 	D:\Android\Android Studio\jre\bin\java.dll
0x00007ffa7a690000 - 0x00007ffa7a69b000 	D:\Android\Android Studio\jre\bin\jimage.dll
0x00007ffa68200000 - 0x00007ffa68218000 	D:\Android\Android Studio\jre\bin\zip.dll
0x00007ffa95430000 - 0x00007ffa95bde000 	C:\WINDOWS\System32\SHELL32.dll
0x00007ffa913e0000 - 0x00007ffa91c48000 	C:\WINDOWS\SYSTEM32\windows.storage.dll
0x00007ffa93e10000 - 0x00007ffa94188000 	C:\WINDOWS\System32\combase.dll
0x00007ffa91270000 - 0x00007ffa913d6000 	C:\WINDOWS\SYSTEM32\wintypes.dll
0x00007ffa95c20000 - 0x00007ffa95d0a000 	C:\WINDOWS\System32\SHCORE.dll
0x00007ffa94f30000 - 0x00007ffa94f8d000 	C:\WINDOWS\System32\shlwapi.dll
0x00007ffa931e0000 - 0x00007ffa93201000 	C:\WINDOWS\SYSTEM32\profapi.dll
0x00007ffa63610000 - 0x00007ffa6362a000 	D:\Android\Android Studio\jre\bin\net.dll
0x00007ffa8a2d0000 - 0x00007ffa8a3dc000 	C:\WINDOWS\SYSTEM32\WINHTTP.dll
0x00007ffa92890000 - 0x00007ffa928f7000 	C:\WINDOWS\system32\mswsock.dll
0x00007ffa635d0000 - 0x00007ffa635e4000 	D:\Android\Android Studio\jre\bin\nio.dll
0x00007ffa68940000 - 0x00007ffa68967000 	C:\Users\Administrator\.gradle\native\e1d6ef7f7dcc3fd88c89a11ec53ec762bb8ba0a96d01ffa2cd45eb1d1d8dd5c5\windows-amd64\native-platform.dll
0x00007ffa4bcb0000 - 0x00007ffa4bdf4000 	C:\Users\Administrator\.gradle\native\5664cfc778a61ccfe75a443a1ab52a65af34e5dc3c78e0209fed803814484fcb\windows-amd64\native-platform-file-events.dll
0x00007ffa6f7a0000 - 0x00007ffa6f7aa000 	D:\Android\Android Studio\jre\bin\management.dll
0x00007ffa6e6d0000 - 0x00007ffa6e6dd000 	D:\Android\Android Studio\jre\bin\management_ext.dll
0x00007ffa92ab0000 - 0x00007ffa92ac8000 	C:\WINDOWS\SYSTEM32\CRYPTSP.dll
0x00007ffa923c0000 - 0x00007ffa923f5000 	C:\WINDOWS\system32\rsaenh.dll
0x00007ffa92950000 - 0x00007ffa92979000 	C:\WINDOWS\SYSTEM32\USERENV.dll
0x00007ffa92c90000 - 0x00007ffa92cb7000 	C:\WINDOWS\SYSTEM32\bcrypt.dll
0x00007ffa92aa0000 - 0x00007ffa92aac000 	C:\WINDOWS\SYSTEM32\CRYPTBASE.dll
0x00007ffa91f50000 - 0x00007ffa91f7d000 	C:\WINDOWS\SYSTEM32\IPHLPAPI.DLL
0x00007ffa94cf0000 - 0x00007ffa94cf9000 	C:\WINDOWS\System32\NSI.dll
0x00007ffa8a5f0000 - 0x00007ffa8a609000 	C:\WINDOWS\SYSTEM32\dhcpcsvc6.DLL
0x00007ffa8a810000 - 0x00007ffa8a82e000 	C:\WINDOWS\SYSTEM32\dhcpcsvc.DLL
0x00007ffa91f80000 - 0x00007ffa92067000 	C:\WINDOWS\SYSTEM32\DNSAPI.dll

dbghelp: loaded successfully - version: 4.0.5 - missing functions: none
symbol engine: initialized successfully - sym options: 0x614 - pdb path: .;D:\Android\Android Studio\jre\bin;C:\WINDOWS\SYSTEM32;C:\WINDOWS\WinSxS\amd64_microsoft.windows.common-controls_6595b64144ccf1df_6.0.22000.120_none_9d947278b86cc467;D:\Android\Android Studio\jre\bin\server;C:\Users\Administrator\.gradle\native\e1d6ef7f7dcc3fd88c89a11ec53ec762bb8ba0a96d01ffa2cd45eb1d1d8dd5c5\windows-amd64;C:\Users\Administrator\.gradle\native\5664cfc778a61ccfe75a443a1ab52a65af34e5dc3c78e0209fed803814484fcb\windows-amd64

VM Arguments:
jvm_args: --add-opens=java.base/java.util=ALL-UNNAMED --add-opens=java.base/java.lang=ALL-UNNAMED --add-opens=java.base/java.lang.invoke=ALL-UNNAMED --add-opens=java.base/java.util=ALL-UNNAMED --add-opens=java.prefs/java.util.prefs=ALL-UNNAMED --add-opens=java.prefs/java.util.prefs=ALL-UNNAMED --add-opens=java.base/java.nio.charset=ALL-UNNAMED --add-opens=java.base/java.net=ALL-UNNAMED --add-opens=java.base/java.util.concurrent.atomic=ALL-UNNAMED -Xmx2048m -Dfile.encoding=UTF-8 -Duser.country=US -Duser.language=en -Duser.variant 
java_command: org.gradle.launcher.daemon.bootstrap.GradleDaemon 7.2
java_class_path (initial): C:\Users\Administrator\.gradle\wrapper\dists\gradle-7.2-bin\2dnblmf4td7x66yl1d74lt32g\gradle-7.2\lib\gradle-launcher-7.2.jar
Launcher Type: SUN_STANDARD

[Global flags]
     intx CICompilerCount                          = 4                                         {product} {ergonomic}
     uint ConcGCThreads                            = 2                                         {product} {ergonomic}
     uint G1ConcRefinementThreads                  = 8                                         {product} {ergonomic}
   size_t G1HeapRegionSize                         = 1048576                                   {product} {ergonomic}
    uintx GCDrainStackTargetSize                   = 64                                        {product} {ergonomic}
   size_t InitialHeapSize                          = 132120576                                 {product} {ergonomic}
   size_t MarkStackSize                            = 4194304                                   {product} {ergonomic}
   size_t MaxHeapSize                              = 2147483648                                {product} {command line}
   size_t MaxNewSize                               = 1287651328                                {product} {ergonomic}
   size_t MinHeapDeltaBytes                        = 1048576                                   {product} {ergonomic}
    uintx NonNMethodCodeHeapSize                   = 5836300                                {pd product} {ergonomic}
    uintx NonProfiledCodeHeapSize                  = 122910970                              {pd product} {ergonomic}
    uintx ProfiledCodeHeapSize                     = 122910970                              {pd product} {ergonomic}
    uintx ReservedCodeCacheSize                    = 251658240                              {pd product} {ergonomic}
     bool SegmentedCodeCache                       = true                                      {product} {ergonomic}
     bool UseCompressedClassPointers               = true                                 {lp64_product} {ergonomic}
     bool UseCompressedOops                        = true                                 {lp64_product} {ergonomic}
     bool UseG1GC                                  = true                                      {product} {ergonomic}
     bool UseLargePagesIndividualAllocation        = false                                  {pd product} {ergonomic}

Logging:
Log output configuration:
 #0: stdout all=warning uptime,level,tags
 #1: stderr all=off uptime,level,tags

Environment Variables:
JAVA_HOME=C:\Program Files\Eclipse Adoptium\jdk-8.0.322.6-hotspot\
PATH=C:\Program Files\Eclipse Adoptium\jdk-8.0.322.6-hotspot\bin;C:\Windows\system32;C:\Windows;C:\Windows\System32\Wbem;C:\Windows\System32\WindowsPowerShell\v1.0\;C:\Windows\System32\OpenSSH\;C:\Program Files (x86)\NVIDIA Corporation\PhysX\Common;C:\Program Files\NVIDIA Corporation\NVIDIA NvDLISR;C:\WINDOWS\system32;C:\WINDOWS;C:\WINDOWS\System32\Wbem;C:\WINDOWS\System32\WindowsPowerShell\v1.0\;C:\WINDOWS\System32\OpenSSH\;C:\Program Files\Microsoft VS Code\bin;C:\Program Files\Microsoft SQL Server\Client SDK\ODBC\170\Tools\Binn\;C:\Program Files\dotnet\;C:\Program Files (x86)\Microsoft SQL Server\150\Tools\Binn\;C:\Program Files\Microsoft SQL Server\150\Tools\Binn\;C:\Program Files\Microsoft SQL Server\150\DTS\Binn\;C:\Program Files (x86)\Microsoft SQL Server\150\DTS\Binn\;C:\Program Files\Azure Data Studio\bin;C:\Program Files\Git\cmd;C;C:\Users\Administrator\AppData\Local\Microsoft\WindowsApps;C:\Users\Administrator\.dotnet\tools;C:\Program Files\Azure Data Studio\bin
USERNAME=Administrator
OS=Windows_NT
PROCESSOR_IDENTIFIER=Intel64 Family 6 Model 142 Stepping 12, GenuineIntel



---------------  S Y S T E M  ---------------

OS: Windows 10 , 64 bit Build 22000 (10.0.22000.434)
OS uptime: 0 days 9:13 hours
Hyper-V role detected

CPU:total 8 (initial active 8) (4 cores per cpu, 2 threads per core) family 6 model 142 stepping 12 microcode 0xde, cmov, cx8, fxsr, mmx, sse, sse2, sse3, ssse3, sse4.1, sse4.2, popcnt, avx, avx2, aes, clmul, erms, 3dnowpref, lzcnt, ht, tsc, tscinvbit, bmi1, bmi2, adx, fma

Memory: 4k page, system-wide physical 7988M (267M free)
TotalPageFile size 16180M (AvailPageFile size 2M)
current process WorkingSet (physical memory assigned to process): 356M, peak: 356M
current process commit charge ("private bytes"): 401M, peak: 432M

vm_info: OpenJDK 64-Bit Server VM (11.0.11+9-b60-7590822) for windows-amd64 JRE (11.0.11+9-b60-7590822), built on Jul 29 2021 21:43:44 by "builder" with MS VC++ 14.0 (VS2015)

END.
